<?xml version="1.0" encoding="UTF-8"?>
<!-- Generated by org.testng.reporters.JUnitReportReporter -->
<testsuite hostname="admin-PC" failures="0" tests="1" name="com.restassuredconcept.POSTMethodConcept" time="8.270" errors="0" timestamp="2020-05-19T10:55:05 IST" skipped="0">
  <testcase classname="com.restassuredconcept.POSTMethodConcept" name="TC_1" time="8.270"/>
</testsuite> <!-- com.restassuredconcept.POSTMethodConcept -->
