<?xml version="1.0" encoding="UTF-8"?>
<!-- Generated by org.testng.reporters.JUnitReportReporter -->
<testsuite hostname="admin-PC" failures="0" tests="1" name="com.restassuredconcept.GetNodesConcept" time="5.457" errors="0" timestamp="2020-05-19T13:00:09 IST" skipped="0">
  <testcase classname="com.restassuredconcept.GetNodesConcept" name="Getmethod" time="5.457"/>
</testsuite> <!-- com.restassuredconcept.GetNodesConcept -->
