<?xml version="1.0" encoding="UTF-8"?>
<!-- Generated by org.testng.reporters.JUnitReportReporter -->
<testsuite hostname="admin-PC" failures="0" tests="1" name="com.restassuredconcept.PutMethodConcept" time="4.179" errors="0" timestamp="2020-05-19T11:11:04 IST" skipped="0">
  <testcase classname="com.restassuredconcept.PutMethodConcept" name="TC_1" time="4.179"/>
</testsuite> <!-- com.restassuredconcept.PutMethodConcept -->
