<?xml version="1.0" encoding="UTF-8"?>
<!-- Generated by org.testng.reporters.JUnitReportReporter -->
<testsuite hostname="admin-PC" failures="0" tests="1" name="com.restassuredconcept.GetMethodConcept" time="3.572" errors="0" timestamp="2020-05-19T11:48:05 IST" skipped="0">
  <testcase classname="com.restassuredconcept.GetMethodConcept" name="TC_1" time="3.572"/>
</testsuite> <!-- com.restassuredconcept.GetMethodConcept -->
